SF:lib\core\entities\entity_model.dart
DA:14,26
DA:19,0
DA:25,1
DA:26,1
DA:41,1
DA:42,1
DA:44,1
LF:7
LH:6
end_of_record
SF:lib\core\error\failures.dart
DA:9,1
DA:15,0
DA:16,0
DA:24,1
DA:31,1
DA:33,0
DA:38,0
DA:40,0
DA:41,0
DA:42,0
DA:43,0
DA:44,0
DA:45,0
DA:47,0
DA:48,0
DA:49,0
DA:53,0
DA:67,0
DA:69,0
DA:70,0
LF:20
LH:3
end_of_record
SF:lib\core\http\api.dart
DA:10,1
DA:11,4
DA:12,4
LF:3
LH:3
end_of_record
SF:lib\core\http\app_interceptors.dart
DA:6,0
DA:8,0
DA:10,0
DA:15,0
DA:16,0
DA:19,0
DA:32,0
DA:35,0
DA:39,0
DA:40,0
DA:43,0
DA:47,0
DA:51,0
DA:55,0
DA:56,0
DA:57,0
DA:58,0
DA:61,0
DA:62,0
DA:65,0
DA:68,0
DA:72,0
DA:76,0
DA:82,0
DA:83,0
DA:86,0
DA:89,0
DA:94,0
DA:95,0
DA:96,0
LF:30
LH:0
end_of_record
SF:lib\env\env.dart
DA:6,3
DA:7,1
DA:9,1
DA:10,2
DA:11,1
DA:14,0
DA:16,1
DA:17,3
DA:18,1
DA:19,0
LF:10
LH:8
end_of_record
SF:lib\injection_container.dart
DA:5,3
DA:7,0
DA:8,0
DA:11,0
LF:4
LH:1
end_of_record
SF:lib\core\models\breeds_models.dart
DA:8,6
DA:68,2
DA:69,2
DA:70,2
DA:71,2
DA:72,4
DA:73,2
DA:74,2
DA:75,2
DA:76,2
DA:77,2
DA:78,2
DA:79,2
DA:80,2
DA:81,2
DA:82,2
DA:83,2
DA:84,2
DA:85,2
DA:86,2
DA:87,2
DA:88,2
DA:89,2
DA:90,2
DA:91,2
DA:92,2
DA:93,2
DA:94,2
DA:95,2
DA:96,2
DA:98,2
DA:99,4
DA:104,1
DA:106,1
DA:107,1
DA:108,1
DA:109,2
DA:110,1
DA:111,1
DA:112,1
DA:113,1
DA:114,1
DA:115,1
DA:116,1
DA:117,1
DA:118,1
DA:119,1
DA:120,1
DA:121,1
DA:122,1
DA:123,1
DA:124,1
DA:125,1
DA:126,1
DA:127,1
DA:128,1
DA:129,1
DA:130,1
DA:131,1
DA:132,1
DA:133,1
DA:134,1
DA:138,1
DA:140,1
DA:141,1
DA:142,1
DA:143,1
DA:144,1
DA:145,1
DA:146,1
DA:147,1
DA:148,1
DA:149,1
DA:150,1
DA:151,1
DA:152,1
DA:153,1
DA:154,1
DA:155,1
DA:156,1
DA:157,1
DA:158,1
DA:159,1
DA:160,1
DA:161,1
DA:162,1
DA:163,1
DA:164,1
DA:165,1
DA:166,1
DA:167,1
DA:168,1
LF:92
LH:92
end_of_record
SF:lib\core\models\image_breeds_models.dart
DA:6,20
DA:18,3
DA:19,3
DA:20,3
DA:21,3
DA:22,3
DA:23,3
DA:27,1
DA:29,5
DA:32,1
DA:34,1
DA:35,1
DA:37,1
DA:38,1
DA:39,1
LF:15
LH:15
end_of_record
SF:lib\core\models\weight_model.dart
DA:5,7
DA:10,3
DA:11,3
DA:12,6
DA:13,6
DA:17,2
DA:18,6
DA:21,1
DA:22,1
DA:23,1
DA:24,1
LF:11
LH:11
end_of_record
SF:lib\modules\landing\services\breed_image_service.dart
DA:7,1
DA:9,2
DA:11,1
DA:21,1
DA:22,3
DA:23,1
DA:24,1
DA:25,1
DA:29,1
DA:31,2
DA:33,1
DA:45,1
DA:46,3
DA:47,1
DA:48,1
DA:49,1
LF:16
LH:16
end_of_record
SF:lib\modules\landing\blocs\landing_bloc.dart
DA:14,1
DA:17,2
DA:18,2
DA:19,2
DA:20,2
DA:21,2
DA:22,2
DA:25,1
DA:29,1
DA:31,1
DA:35,2
DA:36,0
DA:37,1
DA:39,3
DA:40,2
DA:42,3
DA:44,0
DA:46,1
DA:50,1
DA:54,1
DA:56,1
DA:59,2
DA:60,1
DA:61,1
DA:64,2
DA:66,0
DA:68,1
DA:73,1
DA:78,2
DA:79,2
DA:81,0
DA:85,1
DA:90,3
DA:91,2
DA:92,2
DA:94,0
DA:98,1
DA:102,2
DA:103,3
LF:39
LH:34
end_of_record
SF:lib\modules\landing\blocs\landing_event.dart
DA:5,3
DA:12,3
DA:17,3
LF:3
LH:3
end_of_record
SF:lib\modules\landing\blocs\landing_state.dart
DA:11,3
DA:16,2
DA:21,3
LF:3
LH:3
end_of_record
SF:lib\modules\landing\services\local_search_history_service.dart
DA:5,1
DA:6,2
DA:7,2
DA:9,3
DA:10,2
DA:11,1
DA:14,1
DA:15,2
DA:16,1
DA:20,1
DA:21,2
DA:22,1
DA:25,1
DA:26,2
DA:27,5
LF:15
LH:15
end_of_record
SF:lib\modules\detail\ui\pages\detail_screen.dart
DA:9,1
DA:11,1
DA:13,1
DA:14,1
DA:15,3
DA:16,1
DA:17,1
DA:18,0
DA:19,0
DA:23,1
DA:26,1
DA:27,1
DA:28,1
DA:30,1
DA:31,1
DA:33,1
DA:35,1
DA:36,3
DA:40,1
DA:44,0
DA:45,0
DA:46,0
DA:47,0
DA:50,0
DA:55,0
DA:56,0
DA:57,0
DA:58,0
DA:59,0
DA:62,0
DA:63,0
DA:64,0
DA:72,1
DA:73,1
DA:74,1
DA:75,1
DA:77,1
DA:78,2
DA:79,1
DA:81,1
DA:83,1
DA:84,1
DA:85,2
DA:86,1
DA:92,1
DA:93,1
DA:94,2
DA:95,1
DA:97,1
DA:101,1
DA:102,1
DA:103,1
DA:104,1
DA:109,1
DA:110,1
DA:111,3
DA:112,1
DA:116,1
DA:117,1
DA:118,1
DA:119,1
DA:124,1
DA:125,1
DA:126,3
DA:127,1
DA:131,1
DA:132,1
DA:133,1
DA:134,1
DA:139,1
DA:140,1
DA:141,3
DA:142,1
DA:147,1
DA:148,1
DA:149,1
DA:151,2
DA:153,3
DA:154,1
DA:156,2
DA:158,1
DA:174,1
DA:175,1
DA:176,0
DA:177,1
DA:179,2
DA:181,1
DA:183,1
DA:184,1
DA:185,1
DA:186,1
DA:187,1
DA:189,1
LF:93
LH:77
end_of_record
SF:lib\modules\splash\ui\pages\splash_page.dart
DA:6,1
DA:8,1
DA:10,2
DA:11,1
DA:12,1
DA:16,1
DA:17,1
DA:18,1
DA:20,1
DA:23,1
DA:25,3
LF:11
LH:11
end_of_record
SF:lib\ui\widgets\animated_logo.dart
DA:4,8
DA:6,3
DA:8,3
DA:9,3
DA:11,3
DA:12,3
DA:14,3
DA:18,3
LF:8
LH:8
end_of_record
SF:lib\modules\landing\ui\pages\landing_page.dart
DA:12,1
DA:14,1
DA:15,1
DA:24,1
DA:26,1
DA:27,2
DA:28,2
DA:29,2
DA:31,4
DA:32,4
DA:34,3
DA:35,2
DA:36,4
DA:37,3
DA:40,2
DA:41,0
DA:42,0
DA:43,0
DA:44,0
DA:45,0
DA:47,0
DA:48,0
DA:52,3
DA:53,2
DA:54,2
DA:55,3
DA:56,1
DA:57,3
DA:58,1
DA:60,4
DA:66,1
DA:68,2
DA:69,2
DA:70,2
DA:71,2
DA:72,1
DA:75,1
DA:77,1
DA:78,0
DA:79,0
DA:81,1
DA:82,1
DA:84,1
DA:86,1
DA:88,1
DA:89,1
DA:90,1
DA:91,1
DA:93,1
DA:94,1
DA:95,2
DA:97,1
DA:99,0
DA:100,0
DA:108,1
DA:109,1
DA:112,2
DA:113,1
DA:114,2
DA:117,1
DA:118,1
DA:119,1
DA:120,2
DA:121,2
DA:122,2
DA:123,1
DA:126,0
DA:127,0
DA:130,1
DA:131,1
DA:132,1
DA:133,1
DA:134,0
DA:135,0
DA:136,0
DA:137,0
DA:138,0
DA:142,1
DA:143,3
LF:79
LH:61
end_of_record
SF:lib\modules\landing\ui\widgets\breed_list_view.dart
DA:11,1
DA:18,1
DA:20,1
DA:21,1
DA:23,2
DA:24,1
DA:25,1
DA:27,1
DA:28,1
DA:29,2
DA:30,3
DA:36,2
DA:37,1
DA:39,0
DA:41,3
LF:15
LH:14
end_of_record
SF:lib\modules\landing\ui\widgets\search_history_list.dart
DA:8,1
DA:15,1
DA:17,1
DA:19,1
DA:20,1
DA:21,1
DA:23,1
DA:28,2
DA:32,1
DA:33,1
DA:34,2
DA:35,1
DA:36,2
DA:37,1
DA:39,1
DA:40,3
DA:43,0
LF:17
LH:16
end_of_record
SF:lib\modules\landing\ui\widgets\breed_card.dart
DA:8,1
DA:10,1
DA:12,1
DA:13,1
DA:14,1
DA:16,2
DA:17,1
DA:19,1
DA:20,1
DA:21,1
DA:22,1
DA:26,1
DA:27,3
DA:31,1
DA:33,0
DA:34,0
DA:35,0
DA:36,0
DA:39,0
DA:43,0
DA:44,0
DA:45,0
DA:46,0
DA:47,0
DA:50,0
DA:63,3
DA:66,2
DA:73,1
DA:74,1
DA:76,3
DA:80,1
DA:81,1
DA:84,1
DA:86,1
DA:88,1
DA:98,1
DA:99,1
DA:101,1
DA:103,1
DA:104,1
DA:105,1
DA:108,2
DA:111,1
DA:112,1
DA:115,3
LF:45
LH:34
end_of_record
